  BlockerManager.c
c:\users\unifi\desktop\twfolder\gam100\gamproject\gam100_newver\gam100\c_game_project\c_game_project\c_game_project\blockermanager.c(73): warning C4244: 'function': conversion from 'int' to 'float', possible loss of data
c:\users\unifi\desktop\twfolder\gam100\gamproject\gam100_newver\gam100\c_game_project\c_game_project\c_game_project\blockermanager.c(76): warning C4244: 'function': conversion from 'int' to 'float', possible loss of data
c:\users\unifi\desktop\twfolder\gam100\gamproject\gam100_newver\gam100\c_game_project\c_game_project\c_game_project\blockermanager.c(79): warning C4244: 'function': conversion from 'int' to 'float', possible loss of data
c:\users\unifi\desktop\twfolder\gam100\gamproject\gam100_newver\gam100\c_game_project\c_game_project\c_game_project\blockermanager.c(82): warning C4244: 'function': conversion from 'int' to 'float', possible loss of data
c:\users\unifi\desktop\twfolder\gam100\gamproject\gam100_newver\gam100\c_game_project\c_game_project\c_game_project\blockermanager.c(85): warning C4244: 'function': conversion from 'int' to 'float', possible loss of data
c:\users\unifi\desktop\twfolder\gam100\gamproject\gam100_newver\gam100\c_game_project\c_game_project\c_game_project\blockermanager.c(88): warning C4244: 'function': conversion from 'int' to 'float', possible loss of data
c:\users\unifi\desktop\twfolder\gam100\gamproject\gam100_newver\gam100\c_game_project\c_game_project\c_game_project\blockermanager.c(91): warning C4244: 'function': conversion from 'int' to 'float', possible loss of data
c:\users\unifi\desktop\twfolder\gam100\gamproject\gam100_newver\gam100\c_game_project\c_game_project\c_game_project\blockermanager.c(94): warning C4244: 'function': conversion from 'int' to 'float', possible loss of data
c:\users\unifi\desktop\twfolder\gam100\gamproject\gam100_newver\gam100\c_game_project\c_game_project\c_game_project\blockermanager.c(97): warning C4244: 'function': conversion from 'int' to 'float', possible loss of data
  EnemyManager.c
c:\users\unifi\desktop\twfolder\gam100\gamproject\gam100_newver\gam100\c_game_project\c_game_project\c_game_project\enemymanager.c(68): warning C4013: 'GenerateRandNum' undefined; assuming extern returning int
c:\users\unifi\desktop\twfolder\gam100\gamproject\gam100_newver\gam100\c_game_project\c_game_project\c_game_project\enemymanager.c(106): warning C4244: 'function': conversion from 'int' to 'float', possible loss of data
c:\users\unifi\desktop\twfolder\gam100\gamproject\gam100_newver\gam100\c_game_project\c_game_project\c_game_project\enemymanager.c(109): warning C4244: 'function': conversion from 'int' to 'float', possible loss of data
c:\users\unifi\desktop\twfolder\gam100\gamproject\gam100_newver\gam100\c_game_project\c_game_project\c_game_project\enemymanager.c(112): warning C4244: 'function': conversion from 'int' to 'float', possible loss of data
c:\users\unifi\desktop\twfolder\gam100\gamproject\gam100_newver\gam100\c_game_project\c_game_project\c_game_project\enemymanager.c(115): warning C4244: 'function': conversion from 'int' to 'float', possible loss of data
c:\users\unifi\desktop\twfolder\gam100\gamproject\gam100_newver\gam100\c_game_project\c_game_project\c_game_project\enemymanager.c(273): warning C4013: 'F_UI_Game_Info_Right' undefined; assuming extern returning int
  GS_Credit.c
c:\users\unifi\desktop\twfolder\gam100\gamproject\gam100_newver\gam100\c_game_project\c_game_project\c_game_project\gs_credit.c(15): warning C4026: function declared with formal parameter list
c:\users\unifi\desktop\twfolder\gam100\gamproject\gam100_newver\gam100\c_game_project\c_game_project\c_game_project\gs_credit.c(27): warning C4013: 'f_Check_KeyDown' undefined; assuming extern returning int
c:\users\unifi\desktop\twfolder\gam100\gamproject\gam100_newver\gam100\c_game_project\c_game_project\c_game_project\gs_credit.c(55): warning C4244: 'initializing': conversion from 'double' to 'SHORT', possible loss of data
c:\users\unifi\desktop\twfolder\gam100\gamproject\gam100_newver\gam100\c_game_project\c_game_project\c_game_project\gs_credit.c(58): warning C4244: 'initializing': conversion from 'double' to 'SHORT', possible loss of data
c:\users\unifi\desktop\twfolder\gam100\gamproject\gam100_newver\gam100\c_game_project\c_game_project\c_game_project\gs_credit.c(62): warning C4244: 'initializing': conversion from 'double' to 'SHORT', possible loss of data
  GS_GameOver.c
c:\users\unifi\desktop\twfolder\gam100\gamproject\gam100_newver\gam100\c_game_project\c_game_project\c_game_project\gs_gameover.c(17): warning C4244: 'initializing': conversion from 'float' to 'SHORT', possible loss of data
c:\users\unifi\desktop\twfolder\gam100\gamproject\gam100_newver\gam100\c_game_project\c_game_project\c_game_project\gs_gameover.c(74): warning C4013: 'f_Check_KeyDown_Slow' undefined; assuming extern returning int
c:\users\unifi\desktop\twfolder\gam100\gamproject\gam100_newver\gam100\c_game_project\c_game_project\c_game_project\gs_gameover.c(84): warning C4013: 'f_Check_KeyDown' undefined; assuming extern returning int
  GS_GamePlay.c
  GS_MainMenu.c
c:\users\unifi\desktop\twfolder\gam100\gamproject\gam100_newver\gam100\c_game_project\c_game_project\c_game_project\gs_mainmenu.c(17): warning C4244: 'initializing': conversion from 'float' to 'SHORT', possible loss of data
c:\users\unifi\desktop\twfolder\gam100\gamproject\gam100_newver\gam100\c_game_project\c_game_project\c_game_project\gs_mainmenu.c(66): warning C4013: 'f_Check_KeyDown_Slow' undefined; assuming extern returning int
c:\users\unifi\desktop\twfolder\gam100\gamproject\gam100_newver\gam100\c_game_project\c_game_project\c_game_project\gs_mainmenu.c(76): warning C4013: 'f_Check_KeyDown' undefined; assuming extern returning int
c:\users\unifi\desktop\twfolder\gam100\gamproject\gam100_newver\gam100\c_game_project\c_game_project\c_game_project\gs_mainmenu.c(123): warning C4101: 'Spaceneed': unreferenced local variable
  GS_StartUp.c
c:\users\unifi\desktop\twfolder\gam100\gamproject\gam100_newver\gam100\c_game_project\c_game_project\c_game_project\gs_startup.c(20): warning C4013: 'F_UI_Print_Out_Index' undefined; assuming extern returning int
c:\users\unifi\desktop\twfolder\gam100\gamproject\gam100_newver\gam100\c_game_project\c_game_project\c_game_project\gs_startup.c(30): warning C4013: 'F_UI_Clear_Index' undefined; assuming extern returning int
c:\users\unifi\desktop\twfolder\gam100\gamproject\gam100_newver\gam100\c_game_project\c_game_project\c_game_project\gs_startup.c(36): warning C4013: 'f_Check_KeyDown' undefined; assuming extern returning int
  GameManager.c
  GameObjectManager.c
c:\users\unifi\desktop\twfolder\gam100\gamproject\gam100_newver\gam100\c_game_project\c_game_project\c_game_project\gameobjectmanager.c(143): warning C4244: 'function': conversion from 'int' to 'float', possible loss of data
c:\users\unifi\desktop\twfolder\gam100\gamproject\gam100_newver\gam100\c_game_project\c_game_project\c_game_project\gameobjectmanager.c(284): warning C4013: 'GenerateRandNum' undefined; assuming extern returning int
  Graphic.c
c:\users\unifi\desktop\twfolder\gam100\gamproject\gam100_newver\gam100\c_game_project\c_game_project\c_game_project\graphic.c(97): warning C4098: 'F_ReadFromTextAndPrint': 'void' function returning a value
c:\users\unifi\desktop\twfolder\gam100\gamproject\gam100_newver\gam100\c_game_project\c_game_project\c_game_project\graphic.c(170): warning C4244: 'function': conversion from 'double' to 'int', possible loss of data
c:\users\unifi\desktop\twfolder\gam100\gamproject\gam100_newver\gam100\c_game_project\c_game_project\c_game_project\graphic.c(267): warning C4047: 'initializing': 'char (*)[1000]' differs in levels of indirection from 'char *'
c:\users\unifi\desktop\twfolder\gam100\gamproject\gam100_newver\gam100\c_game_project\c_game_project\c_game_project\graphic.c(268): warning C4047: 'initializing': 'int (*)[1000]' differs in levels of indirection from 'int *'
c:\users\unifi\desktop\twfolder\gam100\gamproject\gam100_newver\gam100\c_game_project\c_game_project\c_game_project\graphic.c(269): warning C4047: 'initializing': 'int (*)[1000]' differs in levels of indirection from 'int *'
  LevelManager.c
c:\users\unifi\desktop\twfolder\gam100\gamproject\gam100_newver\gam100\c_game_project\c_game_project\c_game_project\levelmanager.c(21): warning C4013: 'F_UI_Game_Info_Right' undefined; assuming extern returning int
c:\users\unifi\desktop\twfolder\gam100\gamproject\gam100_newver\gam100\c_game_project\c_game_project\c_game_project\levelmanager.c(84): warning C4013: 'F_BulletManager_Exit' undefined; assuming extern returning int
  Map.c
c:\users\unifi\desktop\twfolder\gam100\gamproject\gam100_newver\gam100\c_game_project\c_game_project\c_game_project\map.c(77): warning C4013: 'F_Main_Menu_Print' undefined; assuming extern returning int
c:\users\unifi\desktop\twfolder\gam100\gamproject\gam100_newver\gam100\c_game_project\c_game_project\c_game_project\map.c(583): warning C4047: 'return': 'char *' differs in levels of indirection from 'char [8][1000]'
c:\users\unifi\desktop\twfolder\gam100\gamproject\gam100_newver\gam100\c_game_project\c_game_project\c_game_project\map.c(587): warning C4047: 'return': 'int *' differs in levels of indirection from 'int [8][1000]'
c:\users\unifi\desktop\twfolder\gam100\gamproject\gam100_newver\gam100\c_game_project\c_game_project\c_game_project\map.c(591): warning C4047: 'return': 'int *' differs in levels of indirection from 'int [8][1000]'
  Menu.c
  PlayerManager.c
c:\users\unifi\desktop\twfolder\gam100\gamproject\gam100_newver\gam100\c_game_project\c_game_project\c_game_project\playermanager.c(138): warning C4013: 'GenerateRandNum' undefined; assuming extern returning int
c:\users\unifi\desktop\twfolder\gam100\gamproject\gam100_newver\gam100\c_game_project\c_game_project\c_game_project\playermanager.c(178): warning C4013: 'F_LevelManager_Lost' undefined; assuming extern returning int
  UiHandler.c
c:\users\unifi\desktop\twfolder\gam100\gamproject\gam100_newver\gam100\c_game_project\c_game_project\c_game_project\uihandler.c(94): warning C4244: '=': conversion from 'double' to 'SHORT', possible loss of data
c:\users\unifi\desktop\twfolder\gam100\gamproject\gam100_newver\gam100\c_game_project\c_game_project\c_game_project\uihandler.c(103): warning C4244: '=': conversion from 'double' to 'SHORT', possible loss of data
c:\users\unifi\desktop\twfolder\gam100\gamproject\gam100_newver\gam100\c_game_project\c_game_project\c_game_project\uihandler.c(107): warning C4244: '=': conversion from 'double' to 'SHORT', possible loss of data
c:\users\unifi\desktop\twfolder\gam100\gamproject\gam100_newver\gam100\c_game_project\c_game_project\c_game_project\uihandler.c(202): warning C4013: 'F_LevelManager_GetCurrentLevel' undefined; assuming extern returning int
c:\users\unifi\desktop\twfolder\gam100\gamproject\gam100_newver\gam100\c_game_project\c_game_project\c_game_project\uihandler.c(206): warning C4013: 'GetEnemiesToKill' undefined; assuming extern returning int
  Generating code
  0 of 162 functions ( 0.0%) were compiled, the rest were copied from previous compilation.
    0 functions were new in current compilation
    11 functions had inline decision re-evaluated but remain unchanged
  Finished generating code
  C_Game_Project.vcxproj -> C:\Users\unifi\Desktop\TWFolder\Gam100\GamProject\Gam100_NewVer\Gam100\C_Game_Project\C_Game_Project\x64\Release\C_Game_Project.exe
