c:\users\joelj\desktop\gam100\gam100\c_game_project\c_game_project\c_game_project\x64\release\vc141.pdb
c:\users\joelj\desktop\gam100\gam100\c_game_project\c_game_project\c_game_project\x64\release\randnummanager.obj
c:\users\joelj\desktop\gam100\gam100\c_game_project\c_game_project\c_game_project\x64\release\playermanager.obj
c:\users\joelj\desktop\gam100\gam100\c_game_project\c_game_project\c_game_project\x64\release\gs_startup.obj
c:\users\joelj\desktop\gam100\gam100\c_game_project\c_game_project\c_game_project\x64\release\menu.obj
c:\users\joelj\desktop\gam100\gam100\c_game_project\c_game_project\c_game_project\x64\release\math.obj
c:\users\joelj\desktop\gam100\gam100\c_game_project\c_game_project\c_game_project\x64\release\main.obj
c:\users\joelj\desktop\gam100\gam100\c_game_project\c_game_project\c_game_project\x64\release\map.obj
c:\users\joelj\desktop\gam100\gam100\c_game_project\c_game_project\c_game_project\x64\release\levelmanager.obj
c:\users\joelj\desktop\gam100\gam100\c_game_project\c_game_project\c_game_project\x64\release\input.obj
c:\users\joelj\desktop\gam100\gam100\c_game_project\c_game_project\c_game_project\x64\release\gs_mainmenu.obj
c:\users\joelj\desktop\gam100\gam100\c_game_project\c_game_project\c_game_project\x64\release\gs_gameplay.obj
c:\users\joelj\desktop\gam100\gam100\c_game_project\c_game_project\c_game_project\x64\release\gs_gameover.obj
c:\users\joelj\desktop\gam100\gam100\c_game_project\c_game_project\c_game_project\x64\release\gs_credit.obj
c:\users\joelj\desktop\gam100\gam100\c_game_project\c_game_project\c_game_project\x64\release\graphic.obj
c:\users\joelj\desktop\gam100\gam100\c_game_project\c_game_project\c_game_project\x64\release\gameobjectmanager.obj
c:\users\joelj\desktop\gam100\gam100\c_game_project\c_game_project\c_game_project\x64\release\gamemanager.obj
c:\users\joelj\desktop\gam100\gam100\c_game_project\c_game_project\c_game_project\x64\release\gamebase.obj
c:\users\joelj\desktop\gam100\gam100\c_game_project\c_game_project\c_game_project\x64\release\enemymanager.obj
c:\users\joelj\desktop\gam100\gam100\c_game_project\c_game_project\c_game_project\x64\release\bulletmanager.obj
c:\users\joelj\desktop\gam100\gam100\c_game_project\c_game_project\c_game_project\x64\release\blockermanager.obj
c:\users\joelj\desktop\gam100\gam100\c_game_project\c_game_project\c_game_project\x64\release\windowshelper.obj
c:\users\joelj\desktop\gam100\gam100\c_game_project\c_game_project\c_game_project\x64\release\uihandler.obj
c:\users\joelj\desktop\gam100\gam100\c_game_project\c_game_project\x64\release\c_game_project.ipdb
c:\users\joelj\desktop\gam100\gam100\c_game_project\c_game_project\x64\release\c_game_project.iobj
c:\users\joelj\desktop\gam100\gam100\c_game_project\c_game_project\x64\release\c_game_project.exe
c:\users\joelj\desktop\gam100\gam100\c_game_project\c_game_project\x64\release\c_game_project.pdb
c:\users\joelj\desktop\gam100\gam100\c_game_project\c_game_project\c_game_project\x64\release\c_game_project.tlog\cl.command.1.tlog
c:\users\joelj\desktop\gam100\gam100\c_game_project\c_game_project\c_game_project\x64\release\c_game_project.tlog\cl.read.1.tlog
c:\users\joelj\desktop\gam100\gam100\c_game_project\c_game_project\c_game_project\x64\release\c_game_project.tlog\cl.write.1.tlog
c:\users\joelj\desktop\gam100\gam100\c_game_project\c_game_project\c_game_project\x64\release\c_game_project.tlog\c_game_project.write.1u.tlog
c:\users\joelj\desktop\gam100\gam100\c_game_project\c_game_project\c_game_project\x64\release\c_game_project.tlog\link.command.1.tlog
c:\users\joelj\desktop\gam100\gam100\c_game_project\c_game_project\c_game_project\x64\release\c_game_project.tlog\link.read.1.tlog
c:\users\joelj\desktop\gam100\gam100\c_game_project\c_game_project\c_game_project\x64\release\c_game_project.tlog\link.write.1.tlog
